[2019-08-22 07:03:59] main.DEBUG: cache_invalidate:  {"method":"GET","url":"http://localhost/magento2/","invalidateInfo":{"tags":["interception","CONFIG"],"mode":"matchingTag"}} []
[2019-09-16 09:50:06] main.DEBUG: cache_invalidate:  {"method":"GET","url":"http://localhost/magento2/index.php/admin_ownb7z/admin/cache/index/key/49f808cbbb35ba55502da95e1d3e8e68f077799dcc0404ed32bf372eb6d1bc67/","invalidateInfo":{"tags":["interception","CONFIG"],"mode":"matchingTag"}} []
[2019-09-16 10:01:19] main.DEBUG: cache_invalidate:  {"method":"GET","url":"http://localhost/magento2/index.php/admin_ownb7z/admin/cache/index/key/49f808cbbb35ba55502da95e1d3e8e68f077799dcc0404ed32bf372eb6d1bc67/","invalidateInfo":{"tags":["interception","CONFIG"],"mode":"matchingTag"}} []
[2019-09-16 10:03:40] main.DEBUG: cache_invalidate:  {"method":"GET","url":"http://localhost/magento2/index.php/admin_ownb7z/admin/cache/index/key/49f808cbbb35ba55502da95e1d3e8e68f077799dcc0404ed32bf372eb6d1bc67/","invalidateInfo":{"tags":["interception","CONFIG"],"mode":"matchingTag"}} []
[2019-09-16 10:10:20] main.DEBUG: cache_invalidate:  {"method":"GET","url":"http://localhost/magento2/index.php/admin_ownb7z/admin/cache/index/key/49f808cbbb35ba55502da95e1d3e8e68f077799dcc0404ed32bf372eb6d1bc67/","invalidateInfo":{"tags":["interception","CONFIG"],"mode":"matchingTag"}} []
[2019-09-16 10:16:25] main.DEBUG: cache_invalidate:  {"method":"POST","url":"http://localhost/magento2/index.php/admin_ownb7z/admin/cache/massRefresh/key/90a170a22d67f407939273deb6aa3cb5c146cb01be67c15efbf7e0fc80028fb7/","invalidateInfo":{"tags":["interception","CONFIG"],"mode":"matchingTag"}} []
[2019-09-16 10:17:48] main.DEBUG: cache_invalidate:  {"method":"GET","url":"http://localhost/magento2/index.php/admin_ownb7z/admin/cache/index/key/49f808cbbb35ba55502da95e1d3e8e68f077799dcc0404ed32bf372eb6d1bc67/","invalidateInfo":{"tags":["interception","CONFIG"],"mode":"matchingTag"}} []
[2019-09-16 10:20:40] main.DEBUG: cache_invalidate:  {"method":"GET","url":"http:/","invalidateInfo":{"tags":["interception","CONFIG"],"mode":"matchingTag"}} []
[2019-09-16 10:21:40] main.DEBUG: cache_invalidate:  {"method":"GET","url":"http://localhost/magento2/index.php/admin_ownb7z/admin/cache/index/key/49f808cbbb35ba55502da95e1d3e8e68f077799dcc0404ed32bf372eb6d1bc67/","invalidateInfo":{"tags":["interception","CONFIG"],"mode":"matchingTag"}} []
[2019-09-16 10:27:21] main.DEBUG: cache_invalidate:  {"method":"GET","url":"http:/","invalidateInfo":{"tags":["interception","CONFIG"],"mode":"matchingTag"}} []
[2019-09-16 10:27:55] main.DEBUG: cache_invalidate:  {"method":"GET","url":"http:/","invalidateInfo":{"tags":["interception","CONFIG"],"mode":"matchingTag"}} []
[2019-09-16 10:27:59] main.DEBUG: cache_invalidate:  {"method":"GET","url":"http:/","invalidateInfo":{"tags":["interception","CONFIG"],"mode":"matchingTag"}} []
[2019-09-16 10:31:57] main.DEBUG: cache_invalidate:  {"method":"GET","url":"http://localhost/magento2/index.php/admin_ownb7z/admin/cache/index/key/49f808cbbb35ba55502da95e1d3e8e68f077799dcc0404ed32bf372eb6d1bc67/","invalidateInfo":{"tags":["interception","CONFIG"],"mode":"matchingTag"}} []
[2019-09-16 11:06:24] main.DEBUG: cache_invalidate:  {"method":"GET","url":"http://localhost/magento2/index.php/admin_ownb7z/admin/cache/index/key/49f808cbbb35ba55502da95e1d3e8e68f077799dcc0404ed32bf372eb6d1bc67/","invalidateInfo":{"tags":["interception","CONFIG"],"mode":"matchingTag"}} []
[2019-09-23 06:34:57] main.DEBUG: cache_invalidate:  {"method":"GET","url":"http://localhost/magento2/index.php/admin_ownb7z/admin/cache/index/key/99086d2bf519a024a85442089e9cc91316131533001162a923297d761326d0a6/","invalidateInfo":{"tags":["interception","CONFIG"],"mode":"matchingTag"}} []
[2019-09-23 06:43:11] main.DEBUG: cache_invalidate:  {"method":"GET","url":"http:/","invalidateInfo":{"tags":["interception","CONFIG"],"mode":"matchingTag"}} []
[2019-09-23 06:58:36] main.DEBUG: cache_invalidate:  {"method":"GET","url":"http:/","invalidateInfo":{"tags":["interception","CONFIG"],"mode":"matchingTag"}} []
[2019-09-23 07:10:12] main.DEBUG: cache_invalidate:  {"method":"GET","url":"http://localhost/magento2/index.php/admin_ownb7z/admin/cache/index/key/99086d2bf519a024a85442089e9cc91316131533001162a923297d761326d0a6/","invalidateInfo":{"tags":["interception","CONFIG"],"mode":"matchingTag"}} []
[2019-09-23 07:11:54] main.DEBUG: cache_invalidate:  {"method":"GET","url":"http://localhost/magento2/index.php/admin_ownb7z/admin/cache/index/key/99086d2bf519a024a85442089e9cc91316131533001162a923297d761326d0a6/","invalidateInfo":{"tags":["interception","CONFIG"],"mode":"matchingTag"}} []
[2019-09-23 07:14:33] main.DEBUG: cache_invalidate:  {"method":"GET","url":"http://localhost/magento2/index.php/admin_ownb7z/admin/cache/index/key/99086d2bf519a024a85442089e9cc91316131533001162a923297d761326d0a6/","invalidateInfo":{"tags":["interception","CONFIG"],"mode":"matchingTag"}} []
[2019-09-23 07:15:06] main.DEBUG: cache_invalidate:  {"method":"GET","url":"http://localhost/magento2/index.php/admin_ownb7z/admin/cache/index/key/99086d2bf519a024a85442089e9cc91316131533001162a923297d761326d0a6/","invalidateInfo":{"tags":["interception","CONFIG"],"mode":"matchingTag"}} []
[2019-09-23 09:19:55] main.DEBUG: cache_invalidate:  {"method":"GET","url":"http://localhost/magento2/index.php/admin_ownb7z/admin/cache/index/key/2aac4f12971fb2ecdd90fe850e15538f94e5f1a6edd1b941500e32d73620dd8c/","invalidateInfo":{"tags":["interception","CONFIG"],"mode":"matchingTag"}} []
[2019-09-23 09:19:55] main.DEBUG: cache_invalidate:  {"method":"GET","url":"http://localhost/magento2/index.php/admin_ownb7z/admin/cache/flushSystem/key/61fd48434f01fa8489491d250f8a18482adc2ac9e6573c6dfc8f5a9c8033a0ff/","invalidateInfo":{"tags":["interception","CONFIG"],"mode":"matchingTag"}} []
[2019-09-23 09:20:12] main.DEBUG: cache_invalidate:  {"method":"GET","url":"http://localhost/magento2/index.php/admin_ownb7z/admin/cache/index/key/2aac4f12971fb2ecdd90fe850e15538f94e5f1a6edd1b941500e32d73620dd8c/","invalidateInfo":{"tags":["interception","CONFIG"],"mode":"matchingTag"}} []
